Sun May 24 12:40:14 2020, Command send successful
Sun May 24 12:40:14 2020, Received command from: 127.0.0.1
Sun May 24 12:40:14 2020, Received command from: 127.0.0.1
Sun May 24 12:40:15 2020 Measuring
Sun May 24 12:40:16 2020 Measuring
Sun May 24 12:40:17 2020 Measuring
Sun May 24 12:40:18 2020 Measuring
Sun May 24 12:40:19 2020 Measuring
Sun May 24 12:40:20 2020 Measuring
Sun May 24 12:40:21 2020 Measuring
Sun May 24 12:40:22 2020 Measuring
Sun May 24 12:40:23 2020 Measuring
Sun May 24 12:40:24 2020 Measuring
Sun May 24 12:40:25 2020 Measuring
Sun May 24 12:40:26 2020 Measuring
Sun May 24 12:40:27 2020 Measuring
Sun May 24 12:40:28 2020 Measuring
Sun May 24 12:40:29 2020 Measuring
Sun May 24 12:40:30 2020 Measuring
Sun May 24 12:40:31 2020 Measuring
Sun May 24 12:40:32 2020 Measuring
Sun May 24 12:40:33 2020 Measuring
Sun May 24 12:40:34 2020 Measuring
Sun May 24 12:40:35 2020 Measuring
Sun May 24 12:40:36 2020 Measuring
Sun May 24 12:40:37 2020 Measuring
Sun May 24 12:40:38 2020 Measuring
Sun May 24 12:40:39 2020 Measuring
Sun May 24 12:40:40 2020 Measuring
Sun May 24 12:40:41 2020 Measuring
Sun May 24 12:40:42 2020 Measuring
Sun May 24 12:40:43 2020 Measuring
Sun May 24 12:40:44 2020 Measuring
Sun May 24 12:40:45 2020 Measuring
Sun May 24 12:40:46 2020 Process terminated normally with code: 0
Sun May 24 12:42:08 2020, Command send successful
Sun May 24 12:42:09 2020, Received command from: 127.0.0.1
Sun May 24 12:42:09 2020, Received command from: 127.0.0.1
Sun May 24 12:42:10 2020 Measuring
Sun May 24 12:42:11 2020 Measuring
Sun May 24 12:42:12 2020 Measuring
Sun May 24 12:42:13 2020 Measuring
Sun May 24 12:42:14 2020 Measuring
Sun May 24 12:42:15 2020 Error
Sun May 24 12:42:16 2020 Error
Sun May 24 12:42:17 2020 Error
Sun May 24 12:42:18 2020 Error
Sun May 24 12:42:19 2020 Error
Sun May 24 12:42:20 2020 Error
Sun May 24 12:42:21 2020 Error
Sun May 24 12:42:22 2020 Error
Sun May 24 12:42:23 2020 Error
Sun May 24 12:42:24 2020 Error
Sun May 24 12:42:25 2020 Error
Sun May 24 12:42:26 2020 Error
Sun May 24 12:42:27 2020 Error
Sun May 24 12:42:28 2020 Error
Sun May 24 12:42:29 2020 Error
Sun May 24 12:42:30 2020 Error
Sun May 24 12:42:31 2020 Error
Sun May 24 12:42:32 2020 Error
Sun May 24 12:42:33 2020 Error
Sun May 24 12:42:34 2020 Error
Sun May 24 12:42:35 2020 Error
Sun May 24 12:42:36 2020 Error
Sun May 24 12:42:37 2020 Error
Sun May 24 12:42:38 2020 Error
Sun May 24 12:42:39 2020 Error
Sun May 24 12:42:40 2020 Error
Sun May 24 12:42:41 2020 Error
Sun May 24 12:42:42 2020 Error
Sun May 24 12:42:43 2020 Error
Sun May 24 12:42:44 2020 Error
Sun May 24 12:42:44 2020 Process terminated normally with code: 0
Sun May 24 12:44:13 2020, Command send successful
Sun May 24 12:44:14 2020, Received command from: 127.0.0.1
Sun May 24 12:44:14 2020, Received command from: 127.0.0.1
Sun May 24 12:44:15 2020 Measuring
Sun May 24 12:44:16 2020 Measuring
Sun May 24 12:44:17 2020 Measuring
Sun May 24 12:44:18 2020 Measuring
Sun May 24 12:44:19 2020 Measuring
Sun May 24 12:44:20 2020 Error
Sun May 24 12:44:21 2020 Error
Sun May 24 12:44:22 2020 Error
Sun May 24 12:44:23 2020 Error
Sun May 24 12:44:24 2020 Error
Sun May 24 12:44:25 2020 Error
Sun May 24 12:44:26 2020 Error
Sun May 24 12:44:27 2020 Error
Sun May 24 12:44:28 2020 Error
Sun May 24 12:44:29 2020 Error
Sun May 24 12:44:30 2020 Error
Sun May 24 12:44:31 2020 Error
Sun May 24 12:44:32 2020 Process terminated normally with code: 0
